[2019-02-11 14:54:57] SELECT * FROM conducteur
[2019-02-11 14:54:57] UPDATE conducteur SET `prenom` = 'super', `nom` = 'ça a l'air de marcher', `id_conducteur` = '5' WHERE `id_conducteur` = '5'
[2019-02-11 14:54:46] SELECT * FROM conducteur
[2019-02-11 14:54:03] SELECT * FROM conducteur
[2019-02-11 14:54:03] UPDATE conducteur SET `prenom` = 'cat', `nom` = 'chat', `id_conducteur` = '5' WHERE `id_conducteur` = '5'
[2019-02-11 14:53:55] SELECT * FROM conducteur WHERE `id_conducteur` = '2'
[2019-02-11 14:53:52] SELECT * FROM conducteur
[2019-02-11 14:53:52] UPDATE conducteur SET `prenom` = '', `nom` = '', `id_conducteur` = '5' WHERE `id_conducteur` = '5'
[2019-02-11 14:53:46] SELECT * FROM conducteur
[2019-02-11 14:53:20] SELECT * FROM conducteur
[2019-02-11 14:52:58] SELECT * FROM conducteur
[2019-02-11 14:52:39] SELECT * FROM conducteur
[2019-02-11 14:52:38] SELECT * FROM conducteur
[2019-02-11 14:51:28] SELECT * FROM conducteur
[2019-02-11 14:49:43] SELECT * FROM conducteur
[2019-02-11 14:45:32] SELECT * FROM conducteur
[2019-02-11 14:45:32] SELECT * FROM conducteur
[2019-02-11 14:45:32] SELECT * FROM conducteur
[2019-02-11 14:45:32] SELECT * FROM conducteur
[2019-02-11 14:45:31] SELECT * FROM conducteur
[2019-02-11 14:45:30] SELECT * FROM conducteur
[2019-02-11 14:45:30] SELECT * FROM conducteur
[2019-02-11 14:45:30] SELECT * FROM conducteur
[2019-02-11 14:45:30] SELECT * FROM conducteur
[2019-02-11 14:45:29] SELECT * FROM conducteur
[2019-02-11 14:45:29] SELECT * FROM conducteur
[2019-02-11 14:45:29] SELECT * FROM conducteur
[2019-02-11 14:45:29] SELECT * FROM conducteur
[2019-02-11 14:45:29] SELECT * FROM conducteur
[2019-02-11 14:45:28] SELECT * FROM conducteur
[2019-02-11 14:45:28] SELECT * FROM conducteur
[2019-02-11 14:45:27] SELECT * FROM conducteur
[2019-02-11 14:45:26] SELECT * FROM conducteur
[2019-02-11 14:44:35] SELECT * FROM conducteur
[2019-02-11 14:44:34] SELECT * FROM conducteur
[2019-02-11 14:42:48] SELECT * FROM conducteur
[2019-02-11 14:42:07] SELECT * FROM conducteur
[2019-02-11 14:41:18] SELECT * FROM conducteur
[2019-02-11 14:39:42] SELECT * FROM conducteur
[2019-02-11 14:39:40] SELECT * FROM conducteur
[2019-02-11 14:39:36] SELECT * FROM conducteur
[2019-02-11 14:39:09] SELECT * FROM conducteur
